[2020-10-02 10:22:17] alias_create_execute
alias_create_execute () 
{ 
    for _path in "$rvm_rubies_path" "$rvm_gems_path" "$rvm_environments_path" "$rvm_wrappers_path";
    do
        if [[ -L "$_path/$alias_name" ]]; then
            \command \rm -fv "$_path/$alias_name" || return $?;
        fi;
        \command \ln -fs "$_path/$rvm_ruby_string" "$_path/$alias_name" || return $?;
    done;
    __rvm_db_ "$rvm_path/config/alias" "$alias_name" "$rvm_ruby_string"
}
current path: /home/andreas
GEM_PATH=/home/andreas/.rvm/gems/ruby-2.7.1:/home/andreas/.rvm/gems/ruby-2.7.1@global
GEM_HOME=/home/andreas/.rvm/gems/ruby-2.7.1
PATH=/home/andreas/.rvm/gems/ruby-2.7.1/bin:/home/andreas/.rvm/gems/ruby-2.7.1@global/bin:/home/andreas/.rvm/rubies/ruby-2.7.1/bin:/home/andreas/.rvm/bin:/usr/local/sbin:/usr/local/bin:/usr/sbin:/usr/bin:/sbin:/bin:/usr/games:/usr/local/games:/mnt/c/Program Files/WindowsApps/CanonicalGroupLimited.Ubuntu20.04onWindows_2004.2020.812.0_x64__79rhkp1fndgsc:/mnt/c/WINDOWS/system32:/mnt/c/WINDOWS:/mnt/c/WINDOWS/System32/Wbem:/mnt/c/WINDOWS/System32/WindowsPowerShell/v1.0:/mnt/c/WINDOWS/System32/OpenSSH:/mnt/c/Program Files/Symantec.cloud/PlatformAgent:/mnt/c/Android:/mnt/c/Windows/System32:/mnt/c/Program Files/Intel/WiFi/bin:/mnt/c/Program Files/Common Files/Intel/WirelessCommon:/mnt/c/Program Files (x86)/Intel/Intel(R) Management Engine Components/DAL:/mnt/c/Program Files/Intel/Intel(R) Management Engine Components/DAL:/mnt/c/Users/as/AppData/Local/Microsoft/WindowsApps:/mnt/c/Users/as/AppData/Local/Programs/Microsoft VS Code/bin:/mnt/c/Users/as/AppData/Local/atom/bin:/mnt/c/Users/as/AppData/Local/Microsoft/WindowsApps:/snap/bin
command(1): alias_create_execute
+ for _path in "$rvm_rubies_path" "$rvm_gems_path" "$rvm_environments_path" "$rvm_wrappers_path"
+ [[ -L /home/andreas/.rvm/rubies/default ]]
+ command ln -fs /home/andreas/.rvm/rubies/ruby-2.7.1 /home/andreas/.rvm/rubies/default
+ ln -fs /home/andreas/.rvm/rubies/ruby-2.7.1 /home/andreas/.rvm/rubies/default
+ for _path in "$rvm_rubies_path" "$rvm_gems_path" "$rvm_environments_path" "$rvm_wrappers_path"
+ [[ -L /home/andreas/.rvm/gems/default ]]
+ command ln -fs /home/andreas/.rvm/gems/ruby-2.7.1 /home/andreas/.rvm/gems/default
+ ln -fs /home/andreas/.rvm/gems/ruby-2.7.1 /home/andreas/.rvm/gems/default
+ for _path in "$rvm_rubies_path" "$rvm_gems_path" "$rvm_environments_path" "$rvm_wrappers_path"
+ [[ -L /home/andreas/.rvm/environments/default ]]
+ command ln -fs /home/andreas/.rvm/environments/ruby-2.7.1 /home/andreas/.rvm/environments/default
+ ln -fs /home/andreas/.rvm/environments/ruby-2.7.1 /home/andreas/.rvm/environments/default
+ for _path in "$rvm_rubies_path" "$rvm_gems_path" "$rvm_environments_path" "$rvm_wrappers_path"
+ [[ -L /home/andreas/.rvm/wrappers/default ]]
+ command ln -fs /home/andreas/.rvm/wrappers/ruby-2.7.1 /home/andreas/.rvm/wrappers/default
+ ln -fs /home/andreas/.rvm/wrappers/ruby-2.7.1 /home/andreas/.rvm/wrappers/default
+ __rvm_db_ /home/andreas/.rvm/config/alias default ruby-2.7.1
+ typeset __db __key __value
+ __db=/home/andreas/.rvm/config/alias
+ __key=default
+ shift 2
+ __value=ruby-2.7.1
+ case "${__value}" in
+ __rvm_db_add /home/andreas/.rvm/config/alias default ruby-2.7.1
+ typeset __dir=/home/andreas/.rvm/config
+ [[ -f /home/andreas/.rvm/config/alias ]]
+ __rvm_db_remove /home/andreas/.rvm/config/alias default
+ [[ -f /home/andreas/.rvm/config/alias ]]
+ __rvm_sed -e '\#^default=# d' -e '/^$/d' /home/andreas/.rvm/config/alias
+ sed -e '\#^default=# d' -e '/^$/d' /home/andreas/.rvm/config/alias
+ command mv -f /home/andreas/.rvm/config/alias.new /home/andreas/.rvm/config/alias
+ mv -f /home/andreas/.rvm/config/alias.new /home/andreas/.rvm/config/alias
+ printf '%b=%b\n' default ruby-2.7.1
