[2020-10-02 10:22:11] run_gem_wrappers
run_gem_wrappers () 
{ 
    gem_install gem-wrappers > /dev/null && gem wrappers "$@" || return $?
}
current path: /home/andreas
GEM_PATH=/home/andreas/.rvm/gems/ruby-2.7.1:/home/andreas/.rvm/gems/ruby-2.7.1@global
GEM_HOME=/home/andreas/.rvm/gems/ruby-2.7.1
PATH=/home/andreas/.rvm/gems/ruby-2.7.1/bin:/home/andreas/.rvm/gems/ruby-2.7.1@global/bin:/home/andreas/.rvm/rubies/ruby-2.7.1/bin:/home/andreas/.rvm/bin:/usr/local/sbin:/usr/local/bin:/usr/sbin:/usr/bin:/sbin:/bin:/usr/games:/usr/local/games:/mnt/c/Program Files/WindowsApps/CanonicalGroupLimited.Ubuntu20.04onWindows_2004.2020.812.0_x64__79rhkp1fndgsc:/mnt/c/WINDOWS/system32:/mnt/c/WINDOWS:/mnt/c/WINDOWS/System32/Wbem:/mnt/c/WINDOWS/System32/WindowsPowerShell/v1.0:/mnt/c/WINDOWS/System32/OpenSSH:/mnt/c/Program Files/Symantec.cloud/PlatformAgent:/mnt/c/Android:/mnt/c/Windows/System32:/mnt/c/Program Files/Intel/WiFi/bin:/mnt/c/Program Files/Common Files/Intel/WirelessCommon:/mnt/c/Program Files (x86)/Intel/Intel(R) Management Engine Components/DAL:/mnt/c/Program Files/Intel/Intel(R) Management Engine Components/DAL:/mnt/c/Users/as/AppData/Local/Microsoft/WindowsApps:/mnt/c/Users/as/AppData/Local/Programs/Microsoft VS Code/bin:/mnt/c/Users/as/AppData/Local/atom/bin:/mnt/c/Users/as/AppData/Local/Microsoft/WindowsApps:/snap/bin
command(2): run_gem_wrappers regenerate
+ gem_install gem-wrappers
+ typeset gem_name gem_version version_check
+ gem_version=
+ __rvm_parse_gems_args gem-wrappers
+ typeset gem=gem-wrappers
+ __rvm_string_match gem-wrappers '*.gem$'
+ typeset _string
+ _string=gem-wrappers
+ shift
+ ((  1  ))
+ case "${_string}" in
+ shift
+ ((  0  ))
+ return 1
+ gem_name=gem-wrappers
+ case "$gem" in
+ [[ -z '' ]]
+ __rvm_db gem_gem-wrappers_version gem_version
+ typeset value key variable
+ key=gem_gem-wrappers_version
+ variable=gem_version
+ value=
+ [[ -f /home/andreas/.rvm/user/db ]]
++ __rvm_db_ /home/andreas/.rvm/user/db gem_gem-wrappers_version
++ typeset __db __key __value
++ __db=/home/andreas/.rvm/user/db
++ __key=gem_gem-wrappers_version
++ shift 2
++ __value=
++ case "${__value}" in
++ __rvm_db_get /home/andreas/.rvm/user/db gem_gem-wrappers_version
++ [[ -f /home/andreas/.rvm/user/db ]]
++ __rvm_sed -n -e '\#^gem_gem-wrappers_version=# { s#^gem_gem-wrappers_version=##;; p; }' -e '/^$/d'
++ sed -n -e '\#^gem_gem-wrappers_version=# { s#^gem_gem-wrappers_version=##;; p; }' -e '/^$/d'
+ value=
+ [[ -z '' ]]
+ [[ -f /home/andreas/.rvm/config/db ]]
++ __rvm_db_ /home/andreas/.rvm/config/db gem_gem-wrappers_version
++ typeset __db __key __value
++ __db=/home/andreas/.rvm/config/db
++ __key=gem_gem-wrappers_version
++ shift 2
++ __value=
++ case "${__value}" in
++ __rvm_db_get /home/andreas/.rvm/config/db gem_gem-wrappers_version
++ [[ -f /home/andreas/.rvm/config/db ]]
++ __rvm_sed -n -e '\#^gem_gem-wrappers_version=# { s#^gem_gem-wrappers_version=##;; p; }' -e '/^$/d'
++ sed -n -e '\#^gem_gem-wrappers_version=# { s#^gem_gem-wrappers_version=##;; p; }' -e '/^$/d'
+ value='>=1.4.0'
+ [[ -n >=1.4.0 ]]
+ [[ -n gem_version ]]
+ eval 'gem_version='\''>=1.4.0'\'''
++ gem_version='>=1.4.0'
+ true
+ ((  0 == 0  ))
+ is_gem_installed
+ typeset gem_spec
+ gem_spec='gem '\''gem-wrappers'\'''
+ [[ -n >=1.4.0 ]]
+ gem_spec+=', '\''>=1.4.0'\'''
+ version_check=1.4.0
+ __rvm_ls -ld /home/andreas/.rvm/gems/ruby-2.7.1/gems/gem-wrappers-1.4.0
+ /home/andreas/.rvm/rubies/ruby-2.7.1/bin/ruby -rrubygems -e 'gem '\''gem-wrappers'\'', '\''>=1.4.0'\'''
+ rvm_log 'gem gem-wrappers >=1.4.0 is already installed'
+ [[ '' == 1 ]]
+ printf %b 'gem gem-wrappers >=1.4.0 is already installed\n'
+ return 0
+ gem wrappers regenerate
